<?xml version="1.0" encoding="UTF-8"?>
<!-- Generated by org.testng.reporters.JUnitReportReporter -->
<testsuite skipped="0" hostname="LAPTOP-HG1G303S" name="com.course.cases.LoginTest" tests="2" failures="0" timestamp="2020-04-04T23:19:07 CST" time="0.462" errors="0">
  <testcase name="loginFalse" time="0.042" classname="com.course.cases.LoginTest"/>
  <testcase name="loginTrue" time="0.420" classname="com.course.cases.LoginTest"/>
</testsuite> <!-- com.course.cases.LoginTest -->
