<?xml version="1.0" encoding="UTF-8"?>
<!-- Generated by org.testng.reporters.JUnitReportReporter -->
<testsuite skipped="0" hostname="LAPTOP-HG1G303S" name="com.course.cases.UpdateUserInfoTest" tests="1" failures="0" timestamp="2020-04-04T23:19:07 CST" time="2.291" errors="0">
  <testcase name="updateUserInfo" time="2.291" classname="com.course.cases.UpdateUserInfoTest"/>
</testsuite> <!-- com.course.cases.UpdateUserInfoTest -->
