<?xml version="1.0" encoding="UTF-8"?>
<!-- Generated by org.testng.reporters.JUnitReportReporter -->
<testsuite skipped="0" hostname="LAPTOP-HG1G303S" name="com.course.cases.GetUserInfoTest" tests="1" failures="0" timestamp="2020-04-04T23:19:07 CST" time="1.534" errors="0">
  <testcase name="getUserInfo" time="1.534" classname="com.course.cases.GetUserInfoTest"/>
</testsuite> <!-- com.course.cases.GetUserInfoTest -->
